<?xml version="1.0" encoding="UTF-8"?>
<testsuites name="20191122_155503" timestamp="2019-11-22T15:55:04" time="71.376" tests="36" errors="0">
  <testsuite id="1001" name="1 MyFirstProject" package="1 MyFirstProject" hostname="ATMECSINLT-279" timestamp="2019-11-22T15:55:05" time="29.037" tests="7" errors="0">
    <properties>
      <property name="Run From" value="ATMECSINLT-279" />
      <property name="Run OS" value="amd64 Windows 10 10.0" />
      <property name="Run User" value="Balakrishna.S" />
      <property name="Iteration" value="1 of 1" />
      <property name="Script" value="MyFirstProject.xlsx" />
      <property name="Logs" value="C:\projects\nexial\output\20191122_155503\logs\nexial-20191122_155503.log" />
      <property name="Data File" value="MyFirstProject.data.xlsx" />
      <property name="DataSheet(s)" value="#default, HRM" />
      <property name="runtime args" value="-plan C:\projects\nexial\artifact\plan\Test-plan.xlsx" />
    </properties>
    <testcase id="Macro-testing" name="Macro-testing" classname="HRM" timestamp="2019-11-22T15:55:08" time="25.772">
      <system-out>Total : 7
Passed: 7
Failed: 0
Output: C:\projects\nexial\output\20191122_155503\Test-plan.001,MyFirstProject.20191122_155505.001.xlsx
Logs  : C:\projects\nexial\output\20191122_155503\logs\nexial-20191122_155503.log</system-out>
    </testcase>
  </testsuite>
  <testsuite id="2001" name="2 MyFirstProject" package="2 MyFirstProject" hostname="ATMECSINLT-279" timestamp="2019-11-22T15:55:38" time="13.062" tests="8" errors="0">
    <properties>
      <property name="Run From" value="ATMECSINLT-279" />
      <property name="Run OS" value="amd64 Windows 10 10.0" />
      <property name="Run User" value="Balakrishna.S" />
      <property name="Iteration" value="1 of 1" />
      <property name="Script" value="MyFirstProject.xlsx" />
      <property name="Logs" value="C:\projects\nexial\output\20191122_155503\logs\nexial-20191122_155503.log" />
      <property name="runtime args" value="-plan C:\projects\nexial\artifact\plan\Test-plan.xlsx" />
      <property name="DataSheet(s)" value="#default" />
      <property name="Data File" value="MyFirstProject.data.xlsx" />
    </properties>
    <testcase id="Activity 1" name="Activity 1" classname="Scenario" timestamp="2019-11-22T15:55:41" time="10.099">
      <system-out>Total : 1
Passed: 1
Failed: 0
Output: C:\projects\nexial\output\20191122_155503\Test-plan.002,MyFirstProject.20191122_155538.001.xlsx
Logs  : C:\projects\nexial\output\20191122_155503\logs\nexial-20191122_155503.log</system-out>
    </testcase>
    <testcase id="Sample" name="Sample" classname="Scenario" timestamp="2019-11-22T15:55:41" time="9.496">
      <system-out>Total : 2
Passed: 2
Failed: 0
Output: C:\projects\nexial\output\20191122_155503\Test-plan.002,MyFirstProject.20191122_155538.001.xlsx
Logs  : C:\projects\nexial\output\20191122_155503\logs\nexial-20191122_155503.log</system-out>
    </testcase>
    <testcase id="Macro-testing" name="Macro-testing" classname="Scenario" timestamp="2019-11-22T15:55:44" time="6.915">
      <system-out>Total : 5
Passed: 5
Failed: 0
Output: C:\projects\nexial\output\20191122_155503\Test-plan.002,MyFirstProject.20191122_155538.001.xlsx
Logs  : C:\projects\nexial\output\20191122_155503\logs\nexial-20191122_155503.log</system-out>
    </testcase>
  </testsuite>
  <testsuite id="3001" name="3 MyFirstProject" package="3 MyFirstProject" hostname="ATMECSINLT-279" timestamp="2019-11-22T15:55:54" time="18.045" tests="21" errors="0">
    <properties>
      <property name="Run From" value="ATMECSINLT-279" />
      <property name="Run OS" value="amd64 Windows 10 10.0" />
      <property name="Run User" value="Balakrishna.S" />
      <property name="Iteration" value="1 of 1" />
      <property name="Script" value="MyFirstProject.xlsx" />
      <property name="Logs" value="C:\projects\nexial\output\20191122_155503\logs\nexial-20191122_155503.log" />
      <property name="runtime args" value="-plan C:\projects\nexial\artifact\plan\Test-plan.xlsx" />
      <property name="DataSheet(s)" value="#default, baseMethods" />
      <property name="Data File" value="MyFirstProject.data.xlsx" />
    </properties>
    <testcase id="Activity 1" name="Activity 1" classname="baseMethods" timestamp="2019-11-22T15:55:56" time="16.345">
      <system-out>Total : 21
Passed: 21
Failed: 0
Output: C:\projects\nexial\output\20191122_155503\Test-plan.003,MyFirstProject.20191122_155554.001.xlsx
Logs  : C:\projects\nexial\output\20191122_155503\logs\nexial-20191122_155503.log</system-out>
    </testcase>
  </testsuite>
</testsuites>
